<?xml version="1.0" encoding="UTF-8"?>
<!-- Generated by org.testng.reporters.JUnitReportReporter -->
<testsuite hostname="DESKTOP-R2AJQE8" failures="0" tests="1" name="CriticalFlowRun.Criticalflow" time="0.005" errors="0" timestamp="2024-01-04T16:00:22 IST" skipped="0">
  <testcase classname="CriticalFlowRun.Criticalflow" name="Customercreation100" time="0.005"/>
  <system-out/>
</testsuite> <!-- CriticalFlowRun.Criticalflow -->
