<?xml version="1.0" encoding="UTF-8"?>
<!-- Generated by org.testng.reporters.JUnitReportReporter -->
<testsuite hostname="DESKTOP-R2AJQE8" failures="0" tests="1" name="CriticalFlowRun.Criticalflow" time="592.432" errors="0" timestamp="2023-12-21T13:36:12 IST" skipped="0">
  <testcase classname="CriticalFlowRun.Criticalflow" name="Customercreation100" time="592.432"/>
  <system-out/>
</testsuite> <!-- CriticalFlowRun.Criticalflow -->
